<?xml version="1.0" encoding="UTF-8"?>
<testng-results skipped="0" failed="0" ignored="0" total="1" passed="1">
  <reporter-output>
  </reporter-output>
  <suite name="Default suite" duration-ms="62411" started-at="2019-06-14T05:44:29Z" finished-at="2019-06-14T05:45:31Z">
    <groups>
    </groups>
    <test name="Default test" duration-ms="62411" started-at="2019-06-14T05:44:29Z" finished-at="2019-06-14T05:45:31Z">
      <class name="com.training.sanity.tests.RTTC35">
        <test-method status="PASS" signature="setUpBeforeClass()[pri:0, instance:com.training.sanity.tests.RTTC35@3bfdc050]" name="setUpBeforeClass" is-config="true" duration-ms="11" started-at="2019-06-14T05:44:29Z" finished-at="2019-06-14T05:44:29Z">
          <reporter-output>
          </reporter-output>
        </test-method> <!-- setUpBeforeClass -->
        <test-method status="PASS" signature="setUp()[pri:0, instance:com.training.sanity.tests.RTTC35@3bfdc050]" name="setUp" is-config="true" duration-ms="7804" started-at="2019-06-14T05:44:29Z" finished-at="2019-06-14T05:44:37Z">
          <reporter-output>
          </reporter-output>
        </test-method> <!-- setUp -->
        <test-method status="PASS" signature="validAddProductTest()[pri:0, instance:com.training.sanity.tests.RTTC35@3bfdc050]" name="validAddProductTest" duration-ms="52863" started-at="2019-06-14T05:44:37Z" finished-at="2019-06-14T05:45:30Z">
          <reporter-output>
          </reporter-output>
        </test-method> <!-- validAddProductTest -->
        <test-method status="PASS" signature="tearDown()[pri:0, instance:com.training.sanity.tests.RTTC35@3bfdc050]" name="tearDown" is-config="true" duration-ms="1711" started-at="2019-06-14T05:45:30Z" finished-at="2019-06-14T05:45:31Z">
          <reporter-output>
          </reporter-output>
        </test-method> <!-- tearDown -->
      </class> <!-- com.training.sanity.tests.RTTC35 -->
    </test> <!-- Default test -->
  </suite> <!-- Default suite -->
</testng-results>
